<?xml version="1.0" encoding="UTF-8"?>
<!-- Generated by org.testng.reporters.JUnitReportReporter -->
<testsuite skipped="0" hostname="Marufs-MBP-2.lan1" name="com.amazonApp.testScripts.SearchItemPageTest" tests="1" failures="0" timestamp="06 Sep 2019 03:54:02 GMT" time="10.538" errors="0">
  <testcase name="verifyProductDetails" time="10.538" classname="com.amazonApp.testScripts.SearchItemPageTest"/>
</testsuite> <!-- com.amazonApp.testScripts.SearchItemPageTest -->
