<?xml version="1.0" encoding="UTF-8"?>
<!-- Generated by org.testng.reporters.JUnitReportReporter -->
<testsuite skipped="0" hostname="Marufs-MBP-2.lan1" name="com.amazonApp.testScripts.HomePageTest" tests="1" failures="0" timestamp="05 Sep 2019 04:08:25 GMT" time="5.223" errors="0">
  <testcase name="searchProduct" time="5.223" classname="com.amazonApp.testScripts.HomePageTest"/>
</testsuite> <!-- com.amazonApp.testScripts.HomePageTest -->
